-------------------------------------------------------------------------------
Test set: com.invicta.testing.spock.HelloTest
-------------------------------------------------------------------------------
Tests run: 3, Failures: 1, Errors: 0, Skipped: 0, Time elapsed: 2.012 sec <<< FAILURE!
czytelne b³êdy(com.invicta.testing.spock.HelloTest)  Time elapsed: 0.361 sec  <<< FAILURE!
org.spockframework.runtime.SpockComparisonFailure: Condition not satisfied:

"oczekiwany tekst jest taki" == "oczekiway tekst jt taki"
                             |
                             false
                             3 differences (88% similarity)
                             oczekiwa(n)y tekst j(es)t taki
                             oczekiwa(-)y tekst j(--)t taki

	at com.invicta.testing.spock.HelloTest.czytelne b³êdy(HelloTest.groovy:27)

